<?xml version="1.0" encoding="utf-8"?><testsuite errors="1" failures="0" name="pytest" skips="0" tests="1" time="5.969"><testcase classname="" file="test_stories.py" name="test_stories" time="0"><error message="collection failure">ImportError while importing test module &apos;/home/arusia/Demo/demos/IT_Helpdesk_2/tests/test_stories.py&apos;.
Hint: make sure your test modules/packages have valid Python names.
Traceback:
test_stories.py:9: in &lt;module&gt;
    from idare import KerasIDarePolicy
E   ModuleNotFoundError: No module named &apos;idare&apos;</error></testcase></testsuite>